Script started on Wed Sep 14 17:54:00 2011
bash: alias: python: not found
bash: alias: =Python3: not found
[?1034hbash-3.2$ Pu[Kython3 notes5_qn5_DFA.py
This DFA concatenates the DFAs in Figure 1 and Figure 5 in Notes 5. Figure 1 accepts all strings ending in one. Figure 2 accepts all strings starting and ending with the same character. When these are concatenated, the new DFA concatenates these two DFAs.
{'Q': {'S3', 'S2', 'S1', 'S0', 'S6', 'S5', 'S4'}, 'q0': 'S0', 'F': {'S3', 'S2', 'S1', 'S6', 'S5', 'S4'}, 'Sigma': {'1', '0'}, 'Delta': {('S0', '0'): 'S0', ('S5', '1'): 'S6', ('S1', '1'): 'S2', ('S6', '1'): 'S6', ('S2', '0'): 'S4', ('S3', '1'): 'S5', ('S4', '1'): 'S6', ('S0', '1'): 'S1', ('S5', '0'): 'S3', ('S1', '0'): 'S3', ('S6', '0'): 'S4', ('S2', '1'): 'S2', ('S3', '0'): 'S3', ('S4', '0'): 'S4'}}

Five strings accepted in the language:
1001 True
0001 True
0101 True
101 True
11111 True

Five strings not accepted, not in the language
00000 False
0000 False
000 False
00 False
0 False
bash-3.2$ exit
exit

Script done on Wed Sep 14 17:54:13 2011
